<?xml version="1.0" encoding="UTF-8"?>
<testsuite xmlns:xsi="http://www.w3.org/2001/XMLSchema-instance" xsi:noNamespaceSchemaLocation="https://maven.apache.org/surefire/maven-surefire-plugin/xsd/surefire-test-report.xsd" name="Scenario: Login to Orange hCM" time="18.635" tests="5" errors="0" skipped="0" failures="0">
  <properties>
[...]
</properties>
  <testcase name="Scenario: Login to Orange hCM" classname="Scenario: Login to Orange hCM" time="0"/>
  <testcase name="Given Launch the Orange HCM website" classname="Scenario: Login to Orange hCM" time="0.006"/>
  <testcase name="And Enter the valid credentials &quot;Admin&quot; and &quot;admin123&quot;" classname="Scenario: Login to Orange hCM" time="0"/>
  <testcase name="When click on Login button" classname="Scenario: Login to Orange hCM" time="0"/>
  <testcase name="Then It will take you to Home page" classname="Scenario: Login to Orange hCM" time="0"/>
</testsuite>